0 info it worked if it ends with ok
1 verbose cli [ '/usr/local/Cellar/node/7.3.0/bin/node',
1 verbose cli   '/usr/local/bin/npm',
1 verbose cli   'run',
1 verbose cli   'serve',
1 verbose cli   '--incremental' ]
2 info using npm@3.10.10
3 info using node@v7.3.0
4 verbose run-script [ 'preserve', 'serve', 'postserve' ]
5 info lifecycle indigo@1.0.0~preserve: indigo@1.0.0
6 silly lifecycle indigo@1.0.0~preserve: no script for preserve, continuing
7 info lifecycle indigo@1.0.0~serve: indigo@1.0.0
8 verbose lifecycle indigo@1.0.0~serve: unsafe-perm in lifecycle true
9 verbose lifecycle indigo@1.0.0~serve: PATH: /usr/local/lib/node_modules/npm/bin/node-gyp-bin:/Users/me/Documents/CODE/deborniol-indigo/node_modules/.bin:/usr/local/Cellar/node/7.3.0/bin:/Users/me/Applications/google-cloud-sdk/bin:/usr/local/Cellar/php70/7.0.14_7/sbin:/usr/local/Cellar/php70/7.0.14_7/bin:/usr/local/opt/php70/bin:/usr/local/sbin:/usr/local/bin:/usr/bin:/bin:/usr/sbin:/sbin:/Users/me/.composer/vendor/bin
10 verbose lifecycle indigo@1.0.0~serve: CWD: /Users/me/Documents/CODE/deborniol-indigo
11 silly lifecycle indigo@1.0.0~serve: Args: [ '-c', 'bundle exec jekyll serve' ]
12 silly lifecycle indigo@1.0.0~serve: Returned: code: 1  signal: null
13 info lifecycle indigo@1.0.0~serve: Failed to exec serve script
14 verbose stack Error: indigo@1.0.0 serve: `bundle exec jekyll serve`
14 verbose stack Exit status 1
14 verbose stack     at EventEmitter.<anonymous> (/usr/local/lib/node_modules/npm/lib/utils/lifecycle.js:255:16)
14 verbose stack     at emitTwo (events.js:106:13)
14 verbose stack     at EventEmitter.emit (events.js:191:7)
14 verbose stack     at ChildProcess.<anonymous> (/usr/local/lib/node_modules/npm/lib/utils/spawn.js:40:14)
14 verbose stack     at emitTwo (events.js:106:13)
14 verbose stack     at ChildProcess.emit (events.js:191:7)
14 verbose stack     at maybeClose (internal/child_process.js:885:16)
14 verbose stack     at Process.ChildProcess._handle.onexit (internal/child_process.js:226:5)
15 verbose pkgid indigo@1.0.0
16 verbose cwd /Users/me/Documents/CODE/deborniol-indigo
17 error Darwin 16.4.0
18 error argv "/usr/local/Cellar/node/7.3.0/bin/node" "/usr/local/bin/npm" "run" "serve" "--incremental"
19 error node v7.3.0
20 error npm  v3.10.10
21 error code ELIFECYCLE
22 error indigo@1.0.0 serve: `bundle exec jekyll serve`
22 error Exit status 1
23 error Failed at the indigo@1.0.0 serve script 'bundle exec jekyll serve'.
23 error Make sure you have the latest version of node.js and npm installed.
23 error If you do, this is most likely a problem with the indigo package,
23 error not with npm itself.
23 error Tell the author that this fails on your system:
23 error     bundle exec jekyll serve
23 error You can get information on how to open an issue for this project with:
23 error     npm bugs indigo
23 error Or if that isn't available, you can get their info via:
23 error     npm owner ls indigo
23 error There is likely additional logging output above.
24 verbose exit [ 1, true ]
